<?xml version="1.0" encoding="UTF-8"?>
<!-- Generated by org.testng.reporters.JUnitReportReporter -->
<testsuite hostname="DESKTOP-T2FG83M" failures="0" tests="1" name="runner.runner_new" time="24.746" errors="0" timestamp="12 Nov 2022 04:14:06 GMT">
  <testcase classname="runner.runner_new" name="runScenario" time="24.746"/>
</testsuite> <!-- runner.runner_new -->
